# JRE version: Java(TM) SE Runtime Environment (17.0.9+11) (build 17.0.9+11-LTS-201)
# Java VM: Java HotSpot(TM) 64-Bit Server VM (17.0.9+11-LTS-201, mixed mode, sharing, tiered, compressed oops, compressed class ptrs, g1 gc, windows-amd64)
GC Precious Log:
 CPUs: 8 total, 8 available
 Memory: 8029M
 Large Page Support: Disabled
 NUMA Support: Disabled
 Compressed Oops: Enabled (32-bit)
 Heap Region Size: 1M
 Heap Min Capacity: 8M
 Heap Initial Capacity: 126M
 Heap Max Capacity: 512M
 Pre-touch: Disabled
 Parallel Workers: 8
 Concurrent Workers: 2
 Concurrent Refinement Workers: 8
 Periodic GC: Disabled
Heap:
 garbage-first heap   total 89088K, used 60911K [0x00000000e0000000, 0x0000000100000000)
  region size 1024K, 13 young (13312K), 2 survivors (2048K)
 Metaspace       used 103861K, committed 104512K, reserved 1179648K
  class space    used 14663K, committed 14976K, reserved 1048576K
GC Heap History (20 events):
Event: 13.959 GC heap before
{Heap before GC invocations=30 (full 0):
 garbage-first heap   total 68608K, used 54931K [0x00000000e0000000, 0x0000000100000000)
  region size 1024K, 20 young (20480K), 3 survivors (3072K)
 Metaspace       used 79699K, committed 80256K, reserved 1179648K
  class space    used 11053K, committed 11328K, reserved 1048576K
}
Event: 13.963 GC heap after
{Heap after GC invocations=31 (full 0):
 garbage-first heap   total 68608K, used 39002K [0x00000000e0000000, 0x0000000100000000)
  region size 1024K, 3 young (3072K), 3 survivors (3072K)
 Metaspace       used 79699K, committed 80256K, reserved 1179648K
  class space    used 11053K, committed 11328K, reserved 1048576K
}
Event: 14.205 GC heap before
{Heap before GC invocations=31 (full 0):
 garbage-first heap   total 68608K, used 57434K [0x00000000e0000000, 0x0000000100000000)
  region size 1024K, 21 young (21504K), 3 survivors (3072K)
 Metaspace       used 80882K, committed 81472K, reserved 1179648K
  class space    used 11222K, committed 11520K, reserved 1048576K
}
Event: 14.209 GC heap after
{Heap after GC invocations=32 (full 0):
 garbage-first heap   total 68608K, used 40059K [0x00000000e0000000, 0x0000000100000000)
  region size 1024K, 3 young (3072K), 3 survivors (3072K)
 Metaspace       used 80882K, committed 81472K, reserved 1179648K
  class space    used 11222K, committed 11520K, reserved 1048576K
}
Event: 14.524 GC heap before
{Heap before GC invocations=33 (full 0):
 garbage-first heap   total 70656K, used 57467K [0x00000000e0000000, 0x0000000100000000)
  region size 1024K, 20 young (20480K), 3 survivors (3072K)
 Metaspace       used 82802K, committed 83392K, reserved 1179648K
  class space    used 11633K, committed 11904K, reserved 1048576K
}
Event: 14.527 GC heap after
{Heap after GC invocations=34 (full 0):
 garbage-first heap   total 70656K, used 41232K [0x00000000e0000000, 0x0000000100000000)
  region size 1024K, 3 young (3072K), 3 survivors (3072K)
 Metaspace       used 82802K, committed 83392K, reserved 1179648K
  class space    used 11633K, committed 11904K, reserved 1048576K
}
Event: 14.770 GC heap before
{Heap before GC invocations=34 (full 0):
 garbage-first heap   total 70656K, used 57616K [0x00000000e0000000, 0x0000000100000000)
  region size 1024K, 20 young (20480K), 3 survivors (3072K)
 Metaspace       used 84610K, committed 85184K, reserved 1179648K
  class space    used 12017K, committed 12288K, reserved 1048576K
}
Event: 14.773 GC heap after
{Heap after GC invocations=35 (full 0):
 garbage-first heap   total 70656K, used 42283K [0x00000000e0000000, 0x0000000100000000)
  region size 1024K, 3 young (3072K), 3 survivors (3072K)
 Metaspace       used 84610K, committed 85184K, reserved 1179648K
  class space    used 12017K, committed 12288K, reserved 1048576K
}
Event: 14.842 GC heap before
{Heap before GC invocations=36 (full 0):
 garbage-first heap   total 86016K, used 57643K [0x00000000e0000000, 0x0000000100000000)
  region size 1024K, 18 young (18432K), 3 survivors (3072K)
 Metaspace       used 84616K, committed 85184K, reserved 1179648K
  class space    used 12017K, committed 12288K, reserved 1048576K
}
Event: 14.844 GC heap after
{Heap after GC invocations=37 (full 0):
 garbage-first heap   total 86016K, used 42500K [0x00000000e0000000, 0x0000000100000000)
  region size 1024K, 2 young (2048K), 2 survivors (2048K)
 Metaspace       used 84616K, committed 85184K, reserved 1179648K
  class space    used 12017K, committed 12288K, reserved 1048576K
}
Event: 15.196 GC heap before
{Heap before GC invocations=37 (full 0):
 garbage-first heap   total 86016K, used 71172K [0x00000000e0000000, 0x0000000100000000)
  region size 1024K, 30 young (30720K), 2 survivors (2048K)
 Metaspace       used 86645K, committed 87296K, reserved 1179648K
  class space    used 12257K, committed 12544K, reserved 1048576K
}
Event: 15.199 GC heap after
{Heap after GC invocations=38 (full 0):
 garbage-first heap   total 86016K, used 43389K [0x00000000e0000000, 0x0000000100000000)
  region size 1024K, 3 young (3072K), 3 survivors (3072K)
 Metaspace       used 86645K, committed 87296K, reserved 1179648K
  class space    used 12257K, committed 12544K, reserved 1048576K
}
Event: 15.757 GC heap before
{Heap before GC invocations=39 (full 0):
 garbage-first heap   total 86016K, used 71037K [0x00000000e0000000, 0x0000000100000000)
  region size 1024K, 30 young (30720K), 3 survivors (3072K)
 Metaspace       used 89132K, committed 89792K, reserved 1179648K
  class space    used 12607K, committed 12928K, reserved 1048576K
}
Event: 15.760 GC heap after
{Heap after GC invocations=40 (full 0):
 garbage-first heap   total 86016K, used 45176K [0x00000000e0000000, 0x0000000100000000)
  region size 1024K, 3 young (3072K), 3 survivors (3072K)
 Metaspace       used 89132K, committed 89792K, reserved 1179648K
  class space    used 12607K, committed 12928K, reserved 1048576K
}
Event: 16.273 GC heap before
{Heap before GC invocations=40 (full 0):
 garbage-first heap   total 86016K, used 71800K [0x00000000e0000000, 0x0000000100000000)
  region size 1024K, 29 young (29696K), 3 survivors (3072K)
 Metaspace       used 91476K, committed 92096K, reserved 1179648K
  class space    used 12967K, committed 13248K, reserved 1048576K
}
Event: 16.276 GC heap after
{Heap after GC invocations=41 (full 0):
 garbage-first heap   total 86016K, used 47091K [0x00000000e0000000, 0x0000000100000000)
  region size 1024K, 4 young (4096K), 4 survivors (4096K)
 Metaspace       used 91476K, committed 92096K, reserved 1179648K
  class space    used 12967K, committed 13248K, reserved 1048576K
}
Event: 16.800 GC heap before
{Heap before GC invocations=42 (full 0):
 garbage-first heap   total 86016K, used 70643K [0x00000000e0000000, 0x0000000100000000)
  region size 1024K, 28 young (28672K), 4 survivors (4096K)
 Metaspace       used 96110K, committed 96832K, reserved 1179648K
  class space    used 13519K, committed 13888K, reserved 1048576K
}
Event: 16.806 GC heap after
{Heap after GC invocations=43 (full 0):
 garbage-first heap   total 86016K, used 49127K [0x00000000e0000000, 0x0000000100000000)
  region size 1024K, 4 young (4096K), 4 survivors (4096K)
 Metaspace       used 96110K, committed 96832K, reserved 1179648K
  class space    used 13519K, committed 13888K, reserved 1048576K
}
Event: 17.427 GC heap before
{Heap before GC invocations=43 (full 0):
 garbage-first heap   total 86016K, used 70631K [0x00000000e0000000, 0x0000000100000000)
  region size 1024K, 26 young (26624K), 4 survivors (4096K)
 Metaspace       used 101283K, committed 101888K, reserved 1179648K
  class space    used 14212K, committed 14528K, reserved 1048576K
}
Event: 17.432 GC heap after
{Heap after GC invocations=44 (full 0):
 garbage-first heap   total 86016K, used 50671K [0x00000000e0000000, 0x0000000100000000)
  region size 1024K, 2 young (2048K), 2 survivors (2048K)
 Metaspace       used 101283K, committed 101888K, reserved 1179648K
  class space    used 14212K, committed 14528K, reserved 1048576K
}

